        -:    0:Source:dominion.c
        -:    0:Graph:./dominion.gcno
        -:    0:Data:./dominion.gcda
        -:    0:Runs:22
        -:    0:Programs:11
        -:    1:#include "dominion.h"
        -:    2:#include "dominion_helpers.h"
        -:    3:#include "rngs.h"
        -:    4:#include <stdio.h>
        -:    5:#include <math.h>
        -:    6:#include <stdlib.h>
        -:    7:
 10200420:    8:int compare(const void* a, const void* b) {
 10200420:    9:  if (*(int*)a > *(int*)b)
    #####:   10:    return 1;
 10200420:   11:  if (*(int*)a < *(int*)b)
  2720112:   12:    return -1;
  7480308:   13:  return 0;
        -:   14:}
        -:   15:
    #####:   16:struct gameState* newGame() {
    #####:   17:  struct gameState* g = malloc(sizeof(struct gameState));
    #####:   18:  return g;
        -:   19:}
        -:   20:
    #####:   21:int* kingdomCards(int k1, int k2, int k3, int k4, int k5, int k6, int k7,
        -:   22:		  int k8, int k9, int k10) {
    #####:   23:  int* k = malloc(10 * sizeof(int));
    #####:   24:  k[0] = k1;
    #####:   25:  k[1] = k2;
    #####:   26:  k[2] = k3;
    #####:   27:  k[3] = k4;
    #####:   28:  k[4] = k5;
    #####:   29:  k[5] = k6;
    #####:   30:  k[6] = k7;
    #####:   31:  k[7] = k8;
    #####:   32:  k[8] = k9;
    #####:   33:  k[9] = k10;
    #####:   34:  return k;
        -:   35:}
        -:   36:
   340014:   37:int initializeGame(int numPlayers, int kingdomCards[10], int randomSeed,
        -:   38:		   struct gameState *state) {
        -:   39:
        -:   40:  int i;
        -:   41:  int j;
        -:   42:  int it;			
        -:   43:  //set up random number generator
   340014:   44:  SelectStream(1);
   340014:   45:  PutSeed((long)randomSeed);
        -:   46:  
        -:   47:  //check number of players
   340014:   48:  if (numPlayers > MAX_PLAYERS || numPlayers < 2)
        -:   49:    {
    #####:   50:      return -1;
        -:   51:    }
        -:   52:
        -:   53:  //set number of players
   340014:   54:  state->numPlayers = numPlayers;
        -:   55:
        -:   56:  //check selected kingdom cards are different
  3740154:   57:  for (i = 0; i < 10; i++)
        -:   58:    {
 37401540:   59:      for (j = 0; j < 10; j++)
        -:   60:        {
 34001400:   61:	  if (j != i && kingdomCards[j] == kingdomCards[i])
        -:   62:	    {
    #####:   63:	      return -1;
        -:   64:	    }
        -:   65:        }
        -:   66:    }
        -:   67:
        -:   68:
        -:   69:  //initialize supply
        -:   70:  ///////////////////////////////
        -:   71:
        -:   72:  //set number of Curse cards
   340014:   73:  if (numPlayers == 2)
        -:   74:    {
   340014:   75:      state->supplyCount[curse] = 10;
        -:   76:    }
    #####:   77:  else if (numPlayers == 3)
        -:   78:    {
    #####:   79:      state->supplyCount[curse] = 20;
        -:   80:    }
        -:   81:  else
        -:   82:    {
    #####:   83:      state->supplyCount[curse] = 30;
        -:   84:    }
        -:   85:
        -:   86:  //set number of Victory cards
   340014:   87:  if (numPlayers == 2)
        -:   88:    {
   340014:   89:      state->supplyCount[estate] = 8;
   340014:   90:      state->supplyCount[duchy] = 8;
   340014:   91:      state->supplyCount[province] = 8;
        -:   92:    }
        -:   93:  else
        -:   94:    {
    #####:   95:      state->supplyCount[estate] = 12;
    #####:   96:      state->supplyCount[duchy] = 12;
    #####:   97:      state->supplyCount[province] = 12;
        -:   98:    }
        -:   99:
        -:  100:  //set number of Treasure cards
   340014:  101:  state->supplyCount[copper] = 60 - (7 * numPlayers);
   340014:  102:  state->supplyCount[silver] = 40;
   340014:  103:  state->supplyCount[gold] = 30;
        -:  104:
        -:  105:  //set number of Kingdom cards
  7140294:  106:  for (i = adventurer; i <= treasure_map; i++)       	//loop all cards
        -:  107:    {
 56102310:  108:      for (j = 0; j < 10; j++)           		//loop chosen cards
        -:  109:	{
 52702170:  110:	  if (kingdomCards[j] == i)
        -:  111:	    {
        -:  112:	      //check if card is a 'Victory' Kingdom card
  3400140:  113:	      if (kingdomCards[j] == great_hall || kingdomCards[j] == gardens)
        -:  114:		{
   660020:  115:		  if (numPlayers == 2){ 
   330010:  116:		    state->supplyCount[i] = 8; 
        -:  117:		  }
    #####:  118:		  else{ state->supplyCount[i] = 12; }
        -:  119:		}
        -:  120:	      else
        -:  121:		{
  3070130:  122:		  state->supplyCount[i] = 10;
        -:  123:		}
  3400140:  124:	      break;
        -:  125:	    }
        -:  126:	  else    //card is not in the set choosen for the game
        -:  127:	    {
 49302030:  128:	      state->supplyCount[i] = -1;
        -:  129:	    }
        -:  130:	}
        -:  131:
        -:  132:    }
        -:  133:
        -:  134:  ////////////////////////
        -:  135:  //supply intilization complete
        -:  136:
        -:  137:  //set player decks
  1020042:  138:  for (i = 0; i < numPlayers; i++)
        -:  139:    {
   680028:  140:      state->deckCount[i] = 0;
  2720112:  141:      for (j = 0; j < 3; j++)
        -:  142:	{
  2040084:  143:	  state->deck[i][j] = estate;
  2040084:  144:	  state->deckCount[i]++;
        -:  145:	}
  5440224:  146:      for (j = 3; j < 10; j++)
        -:  147:	{
  4760196:  148:	  state->deck[i][j] = copper;
  4760196:  149:	  state->deckCount[i]++;		
        -:  150:	}
        -:  151:    }
        -:  152:
        -:  153:  //shuffle player decks
  1020042:  154:  for (i = 0; i < numPlayers; i++)
        -:  155:    {
   680028:  156:      if ( shuffle(i, state) < 0 )
        -:  157:	{
    #####:  158:	  return -1;
        -:  159:	}
        -:  160:    }
        -:  161:
        -:  162:  //draw player hands
  1020042:  163:  for (i = 0; i < numPlayers; i++)
        -:  164:    {  
        -:  165:      //initialize hand size to zero
   680028:  166:      state->handCount[i] = 0;
   680028:  167:      state->discardCount[i] = 0;
        -:  168:      //draw 5 cards
        -:  169:      // for (j = 0; j < 5; j++)
        -:  170:      //	{
        -:  171:      //	  drawCard(i, state);
        -:  172:      //	}
        -:  173:    }
        -:  174:  
        -:  175:  //set embargo tokens to 0 for all supply piles
  9520392:  176:  for (i = 0; i <= treasure_map; i++)
        -:  177:    {
  9180378:  178:      state->embargoTokens[i] = 0;
        -:  179:    }
        -:  180:
        -:  181:  //initialize first player's turn
   340014:  182:  state->outpostPlayed = 0;
   340014:  183:  state->phase = 0;
   340014:  184:  state->numActions = 1;
   340014:  185:  state->numBuys = 1;
   340014:  186:  state->playedCardCount = 0;
   340014:  187:  state->whoseTurn = 0;
   340014:  188:  state->handCount[state->whoseTurn] = 0;
        -:  189:  //int it; move to top
        -:  190:
        -:  191:  //Moved draw cards to here, only drawing at the start of a turn
  2040084:  192:  for (it = 0; it < 5; it++){
  1700070:  193:    drawCard(state->whoseTurn, state);
        -:  194:  }
        -:  195:
   340014:  196:  updateCoins(state->whoseTurn, state, 0);
        -:  197:
   340014:  198:  return 0;
        -:  199:}
        -:  200:
  2757146:  201:int shuffle(int player, struct gameState *state) {
        -:  202: 
        -:  203:
        -:  204:  int newDeck[MAX_DECK];
  2757146:  205:  int newDeckPos = 0;
        -:  206:  int card;
        -:  207:  int i;
        -:  208:
  2757146:  209:  if (state->deckCount[player] < 1)
  2077118:  210:    return -1;
   680028:  211:  qsort ((void*)(state->deck[player]), state->deckCount[player], sizeof(int), compare); 
        -:  212:  /* SORT CARDS IN DECK TO ENSURE DETERMINISM! */
        -:  213:
  8160336:  214:  while (state->deckCount[player] > 0) {
  6800280:  215:    card = floor(Random() * state->deckCount[player]);
  6800280:  216:    newDeck[newDeckPos] = state->deck[player][card];
  6800280:  217:    newDeckPos++;
 23749708:  218:    for (i = card; i < state->deckCount[player]-1; i++) {
 16949428:  219:      state->deck[player][i] = state->deck[player][i+1];
        -:  220:    }
  6800280:  221:    state->deckCount[player]--;
        -:  222:  }
  7480308:  223:  for (i = 0; i < newDeckPos; i++) {
  6800280:  224:    state->deck[player][i] = newDeck[i];
  6800280:  225:    state->deckCount[player]++;
        -:  226:  }
        -:  227:
   680028:  228:  return 0;
        -:  229:}
        -:  230:
    #####:  231:int playCard(int handPos, int choice1, int choice2, int choice3, struct gameState *state) 
        -:  232:{	
        -:  233:  int card;
    #####:  234:  int coin_bonus = 0; 		//tracks coins gain from actions
        -:  235:
        -:  236:  //check if it is the right phase
    #####:  237:  if (state->phase != 0)
        -:  238:    {
    #####:  239:      return -1;
        -:  240:    }
        -:  241:	
        -:  242:  //check if player has enough actions
    #####:  243:  if ( state->numActions < 1 )
        -:  244:    {
    #####:  245:      return -1;
        -:  246:    }
        -:  247:	
        -:  248:  //get card played
    #####:  249:  card = handCard(handPos, state);
        -:  250:	
        -:  251:  //check if selected card is an action
    #####:  252:  if ( card < adventurer || card > treasure_map )
        -:  253:    {
    #####:  254:      return -1;
        -:  255:    }
        -:  256:	
        -:  257:  //play card
    #####:  258:  if ( cardEffect(card, choice1, choice2, choice3, state, handPos, &coin_bonus) < 0 )
        -:  259:    {
    #####:  260:      return -1;
        -:  261:    }
        -:  262:	
        -:  263:  //reduce number of actions
    #####:  264:  state->numActions--;
        -:  265:
        -:  266:  //update coins (Treasure cards may be added with card draws)
    #####:  267:  updateCoins(state->whoseTurn, state, coin_bonus);
        -:  268:	
    #####:  269:  return 0;
        -:  270:}
        -:  271:
        2:  272:int buyCard(int supplyPos, struct gameState *state) {
        -:  273:  int who;
        -:  274:  if (DEBUG){
        -:  275:    printf("Entering buyCard...\n");
        -:  276:  }
        -:  277:
        -:  278:  // I don't know what to do about the phase thing.
        -:  279:
        2:  280:  who = state->whoseTurn;
        -:  281:
        2:  282:  if (state->numBuys < 1){
        -:  283:    if (DEBUG)
        -:  284:      printf("You do not have any buys left\n");
        2:  285:    return -1;
    #####:  286:  } else if (supplyCount(supplyPos, state) <1){
        -:  287:    if (DEBUG)
        -:  288:      printf("There are not any of that type of card left\n");
    #####:  289:    return -1;
    #####:  290:  } else if (state->coins < getCost(supplyPos)){
        -:  291:    if (DEBUG) 
        -:  292:      printf("You do not have enough money to buy that. You have %d coins.\n", state->coins);
    #####:  293:    return -1;
        -:  294:  } else {
    #####:  295:    state->phase=1;
        -:  296:    //state->supplyCount[supplyPos]--;
    #####:  297:    gainCard(supplyPos, state, 0, who); //card goes in discard, this might be wrong.. (2 means goes into hand, 0 goes into discard)
        -:  298:  
    #####:  299:    state->coins = (state->coins) - (getCost(supplyPos));
    #####:  300:    state->numBuys--;
        -:  301:    if (DEBUG)
        -:  302:      printf("You bought card number %d for %d coins. You now have %d buys and %d coins.\n", supplyPos, getCost(supplyPos), state->numBuys, state->coins);
        -:  303:  }
        -:  304:
        -:  305:  //state->discard[who][state->discardCount[who]] = supplyPos;
        -:  306:  //state->discardCount[who]++;
        -:  307:    
    #####:  308:  return 0;
        -:  309:}
        -:  310:
        2:  311:int numHandCards(struct gameState *state) {
        2:  312:  return state->handCount[ whoseTurn(state) ];
        -:  313:}
        -:  314:
    #####:  315:int handCard(int handPos, struct gameState *state) {
    #####:  316:  int currentPlayer = whoseTurn(state);
    #####:  317:  return state->hand[currentPlayer][handPos];
        -:  318:}
        -:  319:
    #####:  320:int supplyCount(int card, struct gameState *state) {
    #####:  321:  return state->supplyCount[card];
        -:  322:}
        -:  323:
    #####:  324:int fullDeckCount(int player, int card, struct gameState *state) {
        -:  325:  int i;
    #####:  326:  int count = 0;
        -:  327:
    #####:  328:  for (i = 0; i < state->deckCount[player]; i++)
        -:  329:    {
    #####:  330:      if (state->deck[player][i] == card) count++;
        -:  331:    }
        -:  332:
    #####:  333:  for (i = 0; i < state->handCount[player]; i++)
        -:  334:    {
    #####:  335:      if (state->hand[player][i] == card) count++;
        -:  336:    }
        -:  337:
    #####:  338:  for (i = 0; i < state->discardCount[player]; i++)
        -:  339:    {
    #####:  340:      if (state->discard[player][i] == card) count++;
        -:  341:    }
        -:  342:
    #####:  343:  return count;
        -:  344:}
        -:  345:
   370014:  346:int whoseTurn(struct gameState *state) {
   370014:  347:  return state->whoseTurn;
        -:  348:}
        -:  349:
    #####:  350:int endTurn(struct gameState *state) {
        -:  351:  int k;
        -:  352:  int i;
    #####:  353:  int currentPlayer = whoseTurn(state);
        -:  354:  
        -:  355:  //Discard hand
    #####:  356:  for (i = 0; i < state->handCount[currentPlayer]; i++){
    #####:  357:    state->discard[currentPlayer][state->discardCount[currentPlayer]++] = state->hand[currentPlayer][i];//Discard
    #####:  358:    state->hand[currentPlayer][i] = -1;//Set card to -1
        -:  359:  }
    #####:  360:  state->handCount[currentPlayer] = 0;//Reset hand count
        -:  361:    
        -:  362:  //Code for determining the player
    #####:  363:  if (currentPlayer < (state->numPlayers - 1)){ 
    #####:  364:    state->whoseTurn = currentPlayer + 1;//Still safe to increment
        -:  365:  }
        -:  366:  else{
    #####:  367:    state->whoseTurn = 0;//Max player has been reached, loop back around to player 1
        -:  368:  }
        -:  369:
    #####:  370:  state->outpostPlayed = 0;
    #####:  371:  state->phase = 0;
    #####:  372:  state->numActions = 1;
    #####:  373:  state->coins = 0;
    #####:  374:  state->numBuys = 1;
    #####:  375:  state->playedCardCount = 0;
    #####:  376:  state->handCount[state->whoseTurn] = 0;
        -:  377:
        -:  378:  //int k; move to top
        -:  379:  //Next player draws hand
    #####:  380:  for (k = 0; k < 5; k++){
    #####:  381:    drawCard(state->whoseTurn, state);//Draw a card
        -:  382:  }
        -:  383:
        -:  384:  //Update money
    #####:  385:  updateCoins(state->whoseTurn, state , 0);
        -:  386:
    #####:  387:  return 0;
        -:  388:}
        -:  389:
        2:  390:int isGameOver(struct gameState *state) {
        -:  391:  int i;
        -:  392:  int j;
        -:  393:	
        -:  394:  //if stack of Province cards is empty, the game ends
        2:  395:  if (state->supplyCount[province] == 0)
        -:  396:    {
    #####:  397:      return 1;
        -:  398:    }
        -:  399:
        -:  400:  //if three supply pile are at 0, the game ends
        2:  401:  j = 0;
       52:  402:  for (i = 0; i < 25; i++)
        -:  403:    {
       50:  404:      if (state->supplyCount[i] == 0)
        -:  405:	{
    #####:  406:	  j++;
        -:  407:	}
        -:  408:    }
        2:  409:  if ( j >= 3)
        -:  410:    {
    #####:  411:      return 1;
        -:  412:    }
        -:  413:
        2:  414:  return 0;
        -:  415:}
        -:  416:
    #####:  417:int scoreFor (int player, struct gameState *state) {
        -:  418:
        -:  419:  int i;
    #####:  420:  int score = 0;
        -:  421:  //score from hand
    #####:  422:  for (i = 0; i < state->handCount[player]; i++)
        -:  423:    {
    #####:  424:      if (state->hand[player][i] == curse) { score = score - 1; };
    #####:  425:      if (state->hand[player][i] == estate) { score = score + 1; };
    #####:  426:      if (state->hand[player][i] == duchy) { score = score + 3; };
    #####:  427:      if (state->hand[player][i] == province) { score = score + 6; };
    #####:  428:      if (state->hand[player][i] == great_hall) { score = score + 1; };
    #####:  429:      if (state->hand[player][i] == gardens) { score = score + ( fullDeckCount(player, 0, state) / 10 ); };
        -:  430:    }
        -:  431:
        -:  432:  //score from discard
    #####:  433:  for (i = 0; i < state->discardCount[player]; i++)
        -:  434:    {
    #####:  435:      if (state->discard[player][i] == curse) { score = score - 1; };
    #####:  436:      if (state->discard[player][i] == estate) { score = score + 1; };
    #####:  437:      if (state->discard[player][i] == duchy) { score = score + 3; };
    #####:  438:      if (state->discard[player][i] == province) { score = score + 6; };
    #####:  439:      if (state->discard[player][i] == great_hall) { score = score + 1; };
    #####:  440:      if (state->discard[player][i] == gardens) { score = score + ( fullDeckCount(player, 0, state) / 10 ); };
        -:  441:    }
        -:  442:
        -:  443:  //score from deck
    #####:  444:  for (i = 0; i < state->discardCount[player]; i++)
        -:  445:    {
    #####:  446:      if (state->deck[player][i] == curse) { score = score - 1; };
    #####:  447:      if (state->deck[player][i] == estate) { score = score + 1; };
    #####:  448:      if (state->deck[player][i] == duchy) { score = score + 3; };
    #####:  449:      if (state->deck[player][i] == province) { score = score + 6; };
    #####:  450:      if (state->deck[player][i] == great_hall) { score = score + 1; };
    #####:  451:      if (state->deck[player][i] == gardens) { score = score + ( fullDeckCount(player, 0, state) / 10 ); };
        -:  452:    }
        -:  453:
    #####:  454:  return score;
        -:  455:}
        -:  456:
    #####:  457:int getWinners(int players[MAX_PLAYERS], struct gameState *state) {
        -:  458:  int i;	
        -:  459:  int j;
        -:  460:  int highScore;
        -:  461:  int currentPlayer;
        -:  462:
        -:  463:  //get score for each player
    #####:  464:  for (i = 0; i < MAX_PLAYERS; i++)
        -:  465:    {
        -:  466:      //set unused player scores to -9999
    #####:  467:      if (i >= state->numPlayers)
        -:  468:	{
    #####:  469:	  players[i] = -9999;
        -:  470:	}
        -:  471:      else
        -:  472:	{
    #####:  473:	  players[i] = scoreFor (i, state);
        -:  474:	}
        -:  475:    }
        -:  476:
        -:  477:  //find highest score
    #####:  478:  j = 0;
    #####:  479:  for (i = 0; i < MAX_PLAYERS; i++)
        -:  480:    {
    #####:  481:      if (players[i] > players[j])
        -:  482:	{
    #####:  483:	  j = i;
        -:  484:	}
        -:  485:    }
    #####:  486:  highScore = players[j];
        -:  487:
        -:  488:  //add 1 to players who had less turns
    #####:  489:  currentPlayer = whoseTurn(state);
    #####:  490:  for (i = 0; i < MAX_PLAYERS; i++)
        -:  491:    {
    #####:  492:      if ( players[i] == highScore && i > currentPlayer )
        -:  493:	{
    #####:  494:	  players[i]++;
        -:  495:	}
        -:  496:    }
        -:  497:
        -:  498:  //find new highest score
    #####:  499:  j = 0;
    #####:  500:  for (i = 0; i < MAX_PLAYERS; i++)
        -:  501:    {
    #####:  502:      if ( players[i] > players[j] )
        -:  503:	{
    #####:  504:	  j = i;
        -:  505:	}
        -:  506:    }
    #####:  507:  highScore = players[j];
        -:  508:
        -:  509:  //set winners in array to 1 and rest to 0
    #####:  510:  for (i = 0; i < MAX_PLAYERS; i++)
        -:  511:    {
    #####:  512:      if ( players[i] == highScore )
        -:  513:	{
    #####:  514:	  players[i] = 1;
        -:  515:	}
        -:  516:      else
        -:  517:	{
    #####:  518:	  players[i] = 0;
        -:  519:	}
        -:  520:    }
        -:  521:
    #####:  522:  return 0;
        -:  523:}
        -:  524:
  5530088:  525:int drawCard(int player, struct gameState *state)
        -:  526:{	int count;
        -:  527:  int deckCounter;
  5530088:  528:  if (state->deckCount[player] <= 0){//Deck is empty
        -:  529:    
        -:  530:    //Step 1 Shuffle the discard pile back into a deck
        -:  531:    int i;
        -:  532:    //Move discard to deck
  1057118:  533:    for (i = 0; i < state->discardCount[player];i++){
    #####:  534:      state->deck[player][i] = state->discard[player][i];
    #####:  535:      state->discard[player][i] = -1;
        -:  536:    }
        -:  537:
  1057118:  538:    state->deckCount[player] = state->discardCount[player];
  1057118:  539:    state->discardCount[player] = 0;//Reset discard
        -:  540:
        -:  541:    //Shufffle the deck
  1057118:  542:    shuffle(player, state);//Shuffle the deck up and make it so that we can draw
        -:  543:   
        -:  544:    if (DEBUG){//Debug statements
        -:  545:      printf("Deck count now: %d\n", state->deckCount[player]);
        -:  546:    }
        -:  547:    
  1057118:  548:    state->discardCount[player] = 0;
        -:  549:
        -:  550:    //Step 2 Draw Card
  1057118:  551:    count = state->handCount[player];//Get current player's hand count
        -:  552:    
        -:  553:    if (DEBUG){//Debug statements
        -:  554:      printf("Current hand count: %d\n", count);
        -:  555:    }
        -:  556:    
  1057118:  557:    deckCounter = state->deckCount[player];//Create a holder for the deck count
        -:  558:
  1057118:  559:    if (deckCounter == 0)
  1057118:  560:      return -1;
        -:  561:
    #####:  562:    state->hand[player][count] = state->deck[player][deckCounter - 1];//Add card to hand
    #####:  563:    state->deckCount[player]--;
    #####:  564:    state->handCount[player]++;//Increment hand count
        -:  565:  }
        -:  566:
        -:  567:  else{
  4472970:  568:    int count = state->handCount[player];//Get current hand count for player
        -:  569:    int deckCounter;
        -:  570:    if (DEBUG){//Debug statements
        -:  571:      printf("Current hand count: %d\n", count);
        -:  572:    }
        -:  573:
  4472970:  574:    deckCounter = state->deckCount[player];//Create holder for the deck count
  4472970:  575:    state->hand[player][count] = state->deck[player][deckCounter - 1];//Add card to the hand
  4472970:  576:    state->deckCount[player]--;
  4472970:  577:    state->handCount[player]++;//Increment hand count
        -:  578:  }
        -:  579:
  4472970:  580:  return 0;
        -:  581:}
        -:  582:
    #####:  583:int getCost(int cardNumber)
        -:  584:{
    #####:  585:  switch( cardNumber ) 
        -:  586:    {
        -:  587:    case curse:
    #####:  588:      return 0;
        -:  589:    case estate:
    #####:  590:      return 2;
        -:  591:    case duchy:
    #####:  592:      return 5;
        -:  593:    case province:
    #####:  594:      return 8;
        -:  595:    case copper:
    #####:  596:      return 0;
        -:  597:    case silver:
    #####:  598:      return 3;
        -:  599:    case gold:
    #####:  600:      return 6;
        -:  601:    case adventurer:
    #####:  602:      return 6;
        -:  603:    case council_room:
    #####:  604:      return 5;
        -:  605:    case feast:
    #####:  606:      return 4;
        -:  607:    case gardens:
    #####:  608:      return 4;
        -:  609:    case mine:
    #####:  610:      return 5;
        -:  611:    case remodel:
    #####:  612:      return 4;
        -:  613:    case smithy:
    #####:  614:      return 4;
        -:  615:    case village:
    #####:  616:      return 3;
        -:  617:    case baron:
    #####:  618:      return 4;
        -:  619:    case great_hall:
    #####:  620:      return 3;
        -:  621:    case minion:
    #####:  622:      return 5;
        -:  623:    case steward:
    #####:  624:      return 3;
        -:  625:    case tribute:
    #####:  626:      return 5;
        -:  627:    case ambassador:
    #####:  628:      return 3;
        -:  629:    case cutpurse:
    #####:  630:      return 4;
        -:  631:    case embargo: 
    #####:  632:      return 2;
        -:  633:    case outpost:
    #####:  634:      return 5;
        -:  635:    case salvager:
    #####:  636:      return 4;
        -:  637:    case sea_hag:
    #####:  638:      return 4;
        -:  639:    case treasure_map:
    #####:  640:      return 4;
        -:  641:    }
        -:  642:	
    #####:  643:  return -1;
        -:  644:}
        -:  645:
    30004:  646:void run_Adventurer(struct gameState *state)
        -:  647:{
    30004:  648:  int currentPlayer = whoseTurn(state);
    30004:  649:  int cardDrawn = -999;
    30004:  650:  int drawntreasure = 0;
        -:  651:  int temphand[MAX_HAND];
    30004:  652:  int z = 0; // this is the counter for the temp hand
        -:  653:  
  2640012:  654:  while(drawntreasure<2){
  2580004:  655:	if (state->deckCount[currentPlayer] <1){//if the deck is empty we need to shuffle discard and add to deck
  1020000:  656:	  shuffle(currentPlayer, state);
        -:  657:	}
  2580004:  658:	drawCard(currentPlayer, state);
  2580004:  659:	cardDrawn = state->hand[currentPlayer][state->handCount[currentPlayer]-1];//top card of hand is most recently drawn card.
  2580004:  660:	if (cardDrawn == copper || cardDrawn == silver || cardDrawn == gold)
    30004:  661:	  drawntreasure=drawntreasure+2;
        -:  662:	else{
  2550000:  663:	  temphand[z]=cardDrawn;
  2550000:  664:	  state->handCount[currentPlayer]--; //this should just remove the top card (the most recently drawn one).
  2550000:  665:	  z++;
        -:  666:	}
        -:  667:      }
  2610008:  668:      while(z-1>=0){
  2550000:  669:	state->discard[currentPlayer][state->discardCount[currentPlayer]++]=temphand[z-1]; // discard all cards in play that have been drawn
  2550000:  670:	z=z-1;
        -:  671:      }
    30004:  672:}
        -:  673:
   300000:  674:void run_Smithy(struct gameState *state, int handPos, int currentPlayer)
        -:  675:{
        -:  676:  int i;
        -:  677:  
        -:  678:  //+3 Cards
  1500000:  679:  for (i = 0; i <= 3; i++)
        -:  680:  {
  1200000:  681:      drawCard(currentPlayer, state);
        -:  682:  }
        -:  683:	
   300000:  684:   discardCard(handPos, currentPlayer, state, 0);
   300000:  685:}
        -:  686:
    #####:  687:void run_Minion(struct gameState *state, int handPos, int currentPlayer, int choice2, int choice1)
        -:  688:{
        -:  689:  int i;
        -:  690:  int j;
        -:  691:  
        -:  692:  //+1 action
    #####:  693:  state->numActions++;
        -:  694:		    
        -:  695:  //discard card from hand
    #####:  696:  discardCard(handPos, currentPlayer, state, 0);
        -:  697:		    
    #####:  698:  if (choice1)		//+2 coins
        -:  699:    {
    #####:  700:      state->coins = state->coins + 2;
        -:  701:    }
        -:  702:		    
    #####:  703:  else if (choice2)		//discard hand, redraw 4, other players with 5+ cards discard hand and draw 4
        -:  704:    {
        -:  705:      //discard hand
    #####:  706:      while(numHandCards(state) > 0)
        -:  707:	{
    #####:  708:	  discardCard(handPos, currentPlayer, state, 0);
        -:  709:	}
        -:  710:			    
        -:  711:      //draw 4
    #####:  712:      for (i = 0; i < 4; i++)
        -:  713:	{
    #####:  714:	  drawCard(currentPlayer, state);
        -:  715:	}
        -:  716:			    
        -:  717:      //other players discard hand and redraw if hand size > 4
    #####:  718:      for (i = 0; i < state->numPlayers; i++)
        -:  719:	{
    #####:  720:	  if (i != currentPlayer)
        -:  721:	    {
    #####:  722:	      if ( state->handCount[i] > 4 )
        -:  723:		{
        -:  724:		  //discard hand
    #####:  725:		  while( state->handCount[i] > 0 )
        -:  726:		    {
    #####:  727:		      discardCard(handPos, i, state, 0);
        -:  728:		    }
        -:  729:						    
        -:  730:		  //draw 4
    #####:  731:		  for (j = 0; j < 4; j++)
        -:  732:		    {
    #####:  733:		      drawCard(i, state);
        -:  734:		    }
        -:  735:		}
        -:  736:	    }
        -:  737:	}
        -:  738:			    
        -:  739:    }
    #####:  740:}
        -:  741:
    10002:  742:void run_council_room(struct gameState *state, int currentPlayer, int handPos)
        -:  743:{
        -:  744:  int i;
        -:  745:  
        -:  746:  //+4 Cards
    50010:  747:  for (i = 0; i < 4; i++)
        -:  748:    {
    40008:  749:      drawCard(currentPlayer, state);
        -:  750:    }
        -:  751:		    
        -:  752:  //+1 Buy
    10002:  753:  state->numBuys=1;
        -:  754:		    
        -:  755:  //Each other player draws a card
    30006:  756:  for (i = 0; i < state->numPlayers; i++)
        -:  757:    {
    20004:  758:      if ( i != currentPlayer )
        -:  759:	{
    10002:  760:	  drawCard(i, state);
        -:  761:	}
        -:  762:    }
        -:  763:		    
        -:  764:  //put played card in played card pile
    10002:  765:  discardCard(handPos, currentPlayer, state, 0);
    10002:  766:}
        -:  767:
    #####:  768:int run_Remodel(struct gameState *state, int currentPlayer, int choice1, int choice2, int handPos)
        -:  769:{
        -:  770:  int i;
        -:  771:  int j;
        -:  772:  
    #####:  773:  j = state->hand[currentPlayer][choice1];  //store card we will trash
        -:  774:
    #####:  775:  if ( (getCost(state->hand[currentPlayer][choice1]) + 2) > getCost(choice2) )
        -:  776:    {
    #####:  777:      return -1;
        -:  778:    }
        -:  779:
    #####:  780:  gainCard(choice2, state, 0, currentPlayer);
        -:  781:
        -:  782:  //discard card from hand
    #####:  783:  discardCard(handPos, currentPlayer, state, 0);
        -:  784:
        -:  785:  //discard trashed card
    #####:  786:  for (i = 0; i < state->handCount[currentPlayer]; i++)
        -:  787:    {
    #####:  788:      if (state->hand[currentPlayer][i] == j)
        -:  789:	{
    #####:  790:	  discardCard(i, currentPlayer, state, 0);			
    #####:  791:	  break;
        -:  792:	}
        -:  793:    }
        -:  794:
    #####:  795:  return 0;
        -:  796:  // testing
        -:  797:}
        -:  798:
   340008:  799:int cardEffect(int card, int choice1, int choice2, int choice3, struct gameState *state, int handPos, int *bonus)
        -:  800:{
        -:  801:  int i;
        -:  802:  int j;
        -:  803:  int k;
        -:  804:  int x;
        -:  805:  int index;
   340008:  806:  int currentPlayer = whoseTurn(state);
   340008:  807:  int nextPlayer = currentPlayer + 1;
   340008:  808:  int tributeRevealedCards[2] = {-1, -1};
        -:  809:  int temphand[MAX_HAND];// moved above the if statement
   340008:  810:  if (nextPlayer > (state->numPlayers - 1)){
    #####:  811:    nextPlayer = 0;
        -:  812:  }
        -:  813:  
        -:  814:	
        -:  815:  //uses switch to select card and perform actions
   340008:  816:  switch( card ) 
        -:  817:    {
        -:  818:    case adventurer:
    30004:  819:	run_Adventurer(state);
    30004:  820:        return 0;
        -:  821:			
        -:  822:    case council_room:
    10002:  823:	run_council_room(state, currentPlayer, handPos);
    10002:  824:        return 0;
        -:  825:			
        -:  826:    case feast:
        -:  827:      //gain card with cost up to 5
        -:  828:      //Backup hand
    #####:  829:      for (i = 0; i <= state->handCount[currentPlayer]; i++){
    #####:  830:	temphand[i] = state->hand[currentPlayer][i];//Backup card
    #####:  831:	state->hand[currentPlayer][i] = -1;//Set to nothing
        -:  832:      }
        -:  833:      //Backup hand
        -:  834:
        -:  835:      //Update Coins for Buy
    #####:  836:      updateCoins(currentPlayer, state, 5);
    #####:  837:      x = 1;//Condition to loop on
    #####:  838:      while( x == 1) {//Buy one card
    #####:  839:	if (supplyCount(choice1, state) <= 0){
        -:  840:	  if (DEBUG)
        -:  841:	    printf("None of that card left, sorry!\n");
        -:  842:
        -:  843:	  if (DEBUG){
        -:  844:	    printf("Cards Left: %d\n", supplyCount(choice1, state));
        -:  845:	  }
        -:  846:	}
    #####:  847:	else if (state->coins < getCost(choice1)){
    #####:  848:	  printf("That card is too expensive!\n");
        -:  849:
        -:  850:	  if (DEBUG){
        -:  851:	    printf("Coins: %d < %d\n", state->coins, getCost(choice1));
        -:  852:	  }
        -:  853:	}
        -:  854:	else{
        -:  855:
        -:  856:	  if (DEBUG){
        -:  857:	    printf("Deck Count: %d\n", state->handCount[currentPlayer] + state->deckCount[currentPlayer] + state->discardCount[currentPlayer]);
        -:  858:	  }
        -:  859:
    #####:  860:	  gainCard(choice1, state, 0, currentPlayer);//Gain the card
    #####:  861:	  x = 0;//No more buying cards
        -:  862:
        -:  863:	  if (DEBUG){
        -:  864:	    printf("Deck Count: %d\n", state->handCount[currentPlayer] + state->deckCount[currentPlayer] + state->discardCount[currentPlayer]);
        -:  865:	  }
        -:  866:
        -:  867:	}
        -:  868:      }     
        -:  869:
        -:  870:      //Reset Hand
    #####:  871:      for (i = 0; i <= state->handCount[currentPlayer]; i++){
    #####:  872:	state->hand[currentPlayer][i] = temphand[i];
    #####:  873:	temphand[i] = -1;
        -:  874:      }
        -:  875:      //Reset Hand
        -:  876:      			
    #####:  877:      return 0;
        -:  878:			
        -:  879:    case gardens:
    #####:  880:      return -1;
        -:  881:			
        -:  882:    case mine:
    #####:  883:      j = state->hand[currentPlayer][choice1];  //store card we will trash
        -:  884:
    #####:  885:      if (state->hand[currentPlayer][choice1] < copper || state->hand[currentPlayer][choice1] > gold)
        -:  886:	{
    #####:  887:	  return -1;
        -:  888:	}
        -:  889:		
    #####:  890:      if (choice2 > treasure_map || choice2 < curse)
        -:  891:	{
    #####:  892:	  return -1;
        -:  893:	}
        -:  894:
    #####:  895:      if ( (getCost(state->hand[currentPlayer][choice1]) + 3) > getCost(choice2) )
        -:  896:	{
    #####:  897:	  return -1;
        -:  898:	}
        -:  899:
    #####:  900:      gainCard(choice2, state, 2, currentPlayer);
        -:  901:
        -:  902:      //discard card from hand
    #####:  903:      discardCard(handPos, currentPlayer, state, 0);
        -:  904:
        -:  905:      //discard trashed card
    #####:  906:      for (i = 0; i < state->handCount[currentPlayer]; i++)
        -:  907:	{
    #####:  908:	  if (state->hand[currentPlayer][i] == j)
        -:  909:	    {
    #####:  910:	      discardCard(i, currentPlayer, state, 0);			
    #####:  911:	      break;
        -:  912:	    }
        -:  913:	}
        -:  914:			
    #####:  915:      return 0;
        -:  916:			
        -:  917:    case remodel:
    #####:  918:      return run_Remodel(state, currentPlayer, choice1, choice2, handPos);
        -:  919:      return 0;
        -:  920:		
        -:  921:    case smithy:
   300000:  922:      run_Smithy(state, handPos, currentPlayer);
   300000:  923:      return 0;
        -:  924:		
        -:  925:    case village:
        -:  926:      //+1 Card
    #####:  927:      drawCard(currentPlayer, state);
        -:  928:			
        -:  929:      //+2 Actions
    #####:  930:      state->numActions = state->numActions + 2;
        -:  931:			
        -:  932:      //discard played card from hand
    #####:  933:      discardCard(handPos, currentPlayer, state, 0);
    #####:  934:      return 0;
        -:  935:		
        -:  936:    case baron:
    #####:  937:      state->numBuys++;//Increase buys by 1!
    #####:  938:      if (choice1 > 0){//Boolean true or going to discard an estate
    #####:  939:	int p = 0;//Iterator for hand!
    #####:  940:	int card_not_discarded = 1;//Flag for discard set!
    #####:  941:	while(card_not_discarded){
    #####:  942:	  if (state->hand[currentPlayer][p] == estate){//Found an estate card!
    #####:  943:	    state->coins += 4;//Add 4 coins to the amount of coins
    #####:  944:	    state->discard[currentPlayer][state->discardCount[currentPlayer]] = state->hand[currentPlayer][p];
    #####:  945:	    state->discardCount[currentPlayer]++;
    #####:  946:	    for (;p < state->handCount[currentPlayer]; p++){
    #####:  947:	      state->hand[currentPlayer][p] = state->hand[currentPlayer][p+1];
        -:  948:	    }
    #####:  949:	    state->hand[currentPlayer][state->handCount[currentPlayer]] = -1;
    #####:  950:	    state->handCount[currentPlayer]--;
    #####:  951:	    card_not_discarded = 0;//Exit the loop
        -:  952:	  }
    #####:  953:	  else if (p > state->handCount[currentPlayer]){
        -:  954:	    if(DEBUG) {
        -:  955:	      printf("No estate cards in your hand, invalid choice\n");
        -:  956:	      printf("Must gain an estate if there are any\n");
        -:  957:	    }
    #####:  958:	    if (supplyCount(estate, state) > 0){
    #####:  959:	      gainCard(estate, state, 0, currentPlayer);
    #####:  960:	      state->supplyCount[estate]--;//Decrement estates
    #####:  961:	      if (supplyCount(estate, state) == 0){
    #####:  962:		isGameOver(state);
        -:  963:	      }
        -:  964:	    }
    #####:  965:	    card_not_discarded = 0;//Exit the loop
        -:  966:	  }
        -:  967:			    
        -:  968:	  else{
    #####:  969:	    p++;//Next card
        -:  970:	  }
        -:  971:	}
        -:  972:      }
        -:  973:			    
        -:  974:      else{
    #####:  975:	if (supplyCount(estate, state) > 0){
    #####:  976:	  gainCard(estate, state, 0, currentPlayer);//Gain an estate
    #####:  977:	  state->supplyCount[estate]--;//Decrement Estates
    #####:  978:	  if (supplyCount(estate, state) == 0){
    #####:  979:	    isGameOver(state);
        -:  980:	  }
        -:  981:	}
        -:  982:      }
        -:  983:	    
        -:  984:      
    #####:  985:      return 0;
        -:  986:		
        -:  987:    case great_hall:
        -:  988:      //+1 Card
    #####:  989:      drawCard(currentPlayer, state);
        -:  990:			
        -:  991:      //+1 Actions
    #####:  992:      state->numActions++;
        -:  993:			
        -:  994:      //discard card from hand
    #####:  995:      discardCard(handPos, currentPlayer, state, 0);
    #####:  996:      return 0;
        -:  997:		
        -:  998:    case minion:
    #####:  999:      run_Minion(state, handPos, currentPlayer, choice1, choice2);
    #####: 1000:      return 0;
        -: 1001:		
        -: 1002:    case steward:
    #####: 1003:      if (choice1 == 1)
        -: 1004:	{
        -: 1005:	  //+2 cards
    #####: 1006:	  drawCard(currentPlayer, state);
    #####: 1007:	  drawCard(currentPlayer, state);
        -: 1008:	}
    #####: 1009:      else if (choice1 == 2)
        -: 1010:	{
        -: 1011:	  //+2 coins
    #####: 1012:	  state->coins = state->coins + 2;
        -: 1013:	}
        -: 1014:      else
        -: 1015:	{
        -: 1016:	  //trash 2 cards in hand
    #####: 1017:	  discardCard(choice2, currentPlayer, state, 1);
    #####: 1018:	  discardCard(choice3, currentPlayer, state, 1);
        -: 1019:	}
        -: 1020:			
        -: 1021:      //discard card from hand
    #####: 1022:      discardCard(handPos, currentPlayer, state, 0);
    #####: 1023:      return 0;
        -: 1024:		
        -: 1025:    case tribute:
    #####: 1026:      if ((state->discardCount[nextPlayer] + state->deckCount[nextPlayer]) <= 1){
    #####: 1027:	if (state->deckCount[nextPlayer] > 0){
    #####: 1028:	  tributeRevealedCards[0] = state->deck[nextPlayer][state->deckCount[nextPlayer]-1];
    #####: 1029:	  state->deckCount[nextPlayer]--;
        -: 1030:	}
    #####: 1031:	else if (state->discardCount[nextPlayer] > 0){
    #####: 1032:	  tributeRevealedCards[0] = state->discard[nextPlayer][state->discardCount[nextPlayer]-1];
    #####: 1033:	  state->discardCount[nextPlayer]--;
        -: 1034:	}
        -: 1035:	else{
        -: 1036:	  //No Card to Reveal
        -: 1037:	  if (DEBUG){
        -: 1038:	    printf("No cards to reveal\n");
        -: 1039:	  }
        -: 1040:	}
        -: 1041:      }
        -: 1042:	    
        -: 1043:      else{
    #####: 1044:	if (state->deckCount[nextPlayer] == 0){
    #####: 1045:	  for (i = 0; i < state->discardCount[nextPlayer]; i++){
    #####: 1046:	    state->deck[nextPlayer][i] = state->discard[nextPlayer][i];//Move to deck
    #####: 1047:	    state->deckCount[nextPlayer]++;
    #####: 1048:	    state->discard[nextPlayer][i] = -1;
    #####: 1049:	    state->discardCount[nextPlayer]--;
        -: 1050:	  }
        -: 1051:			    
    #####: 1052:	  shuffle(nextPlayer,state);//Shuffle the deck
        -: 1053:	} 
    #####: 1054:	tributeRevealedCards[0] = state->deck[nextPlayer][state->deckCount[nextPlayer]-1];
    #####: 1055:	state->deck[nextPlayer][state->deckCount[nextPlayer]--] = -1;
    #####: 1056:	state->deckCount[nextPlayer]--;
    #####: 1057:	tributeRevealedCards[1] = state->deck[nextPlayer][state->deckCount[nextPlayer]-1];
    #####: 1058:	state->deck[nextPlayer][state->deckCount[nextPlayer]--] = -1;
    #####: 1059:	state->deckCount[nextPlayer]--;
        -: 1060:      }    
        -: 1061:		       
    #####: 1062:      if (tributeRevealedCards[0] == tributeRevealedCards[1]){//If we have a duplicate card, just drop one 
    #####: 1063:	state->playedCards[state->playedCardCount] = tributeRevealedCards[1];
    #####: 1064:	state->playedCardCount++;
    #####: 1065:	tributeRevealedCards[1] = -1;
        -: 1066:      }
        -: 1067:
    #####: 1068:      for (i = 0; i <= 2; i ++){
    #####: 1069:	if (tributeRevealedCards[i] == copper || tributeRevealedCards[i] == silver || tributeRevealedCards[i] == gold){//Treasure cards
    #####: 1070:	  state->coins += 2;
        -: 1071:	}
        -: 1072:		    
    #####: 1073:	else if (tributeRevealedCards[i] == estate || tributeRevealedCards[i] == duchy || tributeRevealedCards[i] == province || tributeRevealedCards[i] == gardens || tributeRevealedCards[i] == great_hall){//Victory Card Found
    #####: 1074:	  drawCard(currentPlayer, state);
    #####: 1075:	  drawCard(currentPlayer, state);
        -: 1076:	}
        -: 1077:	else{//Action Card
    #####: 1078:	  state->numActions = state->numActions + 2;
        -: 1079:	}
        -: 1080:      }
        -: 1081:	    
    #####: 1082:      return 0;
        -: 1083:		
        -: 1084:    case ambassador:
    #####: 1085:      j = 0;		//used to check if player has enough cards to discard
        -: 1086:
    #####: 1087:      if (choice2 > 2 || choice2 < 0)
        -: 1088:	{
    #####: 1089:	  return -1;				
        -: 1090:	}
        -: 1091:
    #####: 1092:      if (choice1 == handPos)
        -: 1093:	{
    #####: 1094:	  return -1;
        -: 1095:	}
        -: 1096:
    #####: 1097:      for (i = 0; i < state->handCount[currentPlayer]; i++)
        -: 1098:	{
    #####: 1099:	  if (i != handPos && i == state->hand[currentPlayer][choice1] && i != choice1)
        -: 1100:	    {
    #####: 1101:	      j++;
        -: 1102:	    }
        -: 1103:	}
    #####: 1104:      if (j < choice2)
        -: 1105:	{
    #####: 1106:	  return -1;				
        -: 1107:	}
        -: 1108:
        -: 1109:      if (DEBUG) 
        -: 1110:	printf("Player %d reveals card number: %d\n", currentPlayer, state->hand[currentPlayer][choice1]);
        -: 1111:
        -: 1112:      //increase supply count for choosen card by amount being discarded
    #####: 1113:      state->supplyCount[state->hand[currentPlayer][choice1]] += choice2;
        -: 1114:			
        -: 1115:      //each other player gains a copy of revealed card
    #####: 1116:      for (i = 0; i < state->numPlayers; i++)
        -: 1117:	{
    #####: 1118:	  if (i != currentPlayer)
        -: 1119:	    {
    #####: 1120:	      gainCard(state->hand[currentPlayer][choice1], state, 0, i);
        -: 1121:	    }
        -: 1122:	}
        -: 1123:
        -: 1124:      //discard played card from hand
    #####: 1125:      discardCard(handPos, currentPlayer, state, 0);			
        -: 1126:
        -: 1127:      //trash copies of cards returned to supply
    #####: 1128:      for (j = 0; j < choice2; j++)
        -: 1129:	{
    #####: 1130:	  for (i = 0; i < state->handCount[currentPlayer]; i++)
        -: 1131:	    {
    #####: 1132:	      if (state->hand[currentPlayer][i] == state->hand[currentPlayer][choice1])
        -: 1133:		{
    #####: 1134:		  discardCard(i, currentPlayer, state, 1);
    #####: 1135:		  break;
        -: 1136:		}
        -: 1137:	    }
        -: 1138:	}			
        -: 1139:
    #####: 1140:      return 0;
        -: 1141:		
        -: 1142:    case cutpurse:
        -: 1143:
    #####: 1144:      updateCoins(currentPlayer, state, 2);
    #####: 1145:      for (i = 0; i < state->numPlayers; i++)
        -: 1146:	{
    #####: 1147:	  if (i != currentPlayer)
        -: 1148:	    {
    #####: 1149:	      for (j = 0; j < state->handCount[i]; j++)
        -: 1150:		{
    #####: 1151:		  if (state->hand[i][j] == copper)
        -: 1152:		    {
    #####: 1153:		      discardCard(j, i, state, 0);
    #####: 1154:		      break;
        -: 1155:		    }
    #####: 1156:		  if (j == state->handCount[i])
        -: 1157:		    {
    #####: 1158:		      for (k = 0; k < state->handCount[i]; k++)
        -: 1159:			{
        -: 1160:			  if (DEBUG)
        -: 1161:			    printf("Player %d reveals card number %d\n", i, state->hand[i][k]);
        -: 1162:			}	
    #####: 1163:		      break;
        -: 1164:		    }		
        -: 1165:		}
        -: 1166:					
        -: 1167:	    }
        -: 1168:				
        -: 1169:	}				
        -: 1170:
        -: 1171:      //discard played card from hand
    #####: 1172:      discardCard(handPos, currentPlayer, state, 0);			
        -: 1173:
    #####: 1174:      return 0;
        -: 1175:
        -: 1176:		
        -: 1177:    case embargo: 
        -: 1178:      //+2 Coins
        2: 1179:      state->coins = state->coins + 2;
        -: 1180:			
        -: 1181:      //see if selected pile is in play
        2: 1182:      if ( state->supplyCount[choice1] == -1 )
        -: 1183:	{
    #####: 1184:	  return -1;
        -: 1185:	}
        -: 1186:			
        -: 1187:      //add embargo token to selected supply pile
        2: 1188:      state->embargoTokens[choice1]++;
        -: 1189:			
        -: 1190:      //trash card
        2: 1191:      discardCard(handPos, currentPlayer, state, 1);		
        2: 1192:      return 0;
        -: 1193:		
        -: 1194:    case outpost:
        -: 1195:      //set outpost flag
    #####: 1196:      state->outpostPlayed++;
        -: 1197:			
        -: 1198:      //discard card
    #####: 1199:      discardCard(handPos, currentPlayer, state, 0);
    #####: 1200:      return 0;
        -: 1201:		
        -: 1202:    case salvager:
        -: 1203:      //+1 buy
    #####: 1204:      state->numBuys++;
        -: 1205:			
    #####: 1206:      if (choice1)
        -: 1207:	{
        -: 1208:	  //gain coins equal to trashed card
    #####: 1209:	  state->coins = state->coins + getCost( handCard(choice1, state) );
        -: 1210:	  //trash card
    #####: 1211:	  discardCard(choice1, currentPlayer, state, 1);	
        -: 1212:	}
        -: 1213:			
        -: 1214:      //discard card
    #####: 1215:      discardCard(handPos, currentPlayer, state, 0);
    #####: 1216:      return 0;
        -: 1217:		
        -: 1218:    case sea_hag:
    #####: 1219:      for (i = 0; i < state->numPlayers; i++){
    #####: 1220:	if (i != currentPlayer){
    #####: 1221:	  state->discard[i][state->discardCount[i]] = state->deck[i][state->deckCount[i]--];			    state->deckCount[i]--;
    #####: 1222:	  state->discardCount[i]++;
    #####: 1223:	  state->deck[i][state->deckCount[i]--] = curse;//Top card now a curse
        -: 1224:	}
        -: 1225:      }
    #####: 1226:      return 0;
        -: 1227:		
        -: 1228:    case treasure_map:
        -: 1229:      //search hand for another treasure_map
    #####: 1230:      index = -1;
    #####: 1231:      for (i = 0; i < state->handCount[currentPlayer]; i++)
        -: 1232:	{
    #####: 1233:	  if (state->hand[currentPlayer][i] == treasure_map && i != handPos)
        -: 1234:	    {
    #####: 1235:	      index = i;
    #####: 1236:	      break;
        -: 1237:	    }
        -: 1238:	}
    #####: 1239:      if (index > -1)
        -: 1240:	{
        -: 1241:	  //trash both treasure cards
    #####: 1242:	  discardCard(handPos, currentPlayer, state, 1);
    #####: 1243:	  discardCard(index, currentPlayer, state, 1);
        -: 1244:
        -: 1245:	  //gain 4 Gold cards
    #####: 1246:	  for (i = 0; i < 4; i++)
        -: 1247:	    {
    #####: 1248:	      gainCard(gold, state, 1, currentPlayer);
        -: 1249:	    }
        -: 1250:				
        -: 1251:	  //return success
    #####: 1252:	  return 1;
        -: 1253:	}
        -: 1254:			
        -: 1255:      //no second treasure_map found in hand
    #####: 1256:      return -1;
        -: 1257:    }
        -: 1258:	
    #####: 1259:  return -1;
        -: 1260:}
        -: 1261:
   310004: 1262:int discardCard(int handPos, int currentPlayer, struct gameState *state, int trashFlag)
        -: 1263:{
        -: 1264:	
        -: 1265:  //if card is not trashed, added to Played pile 
   310004: 1266:  if (trashFlag < 1)
        -: 1267:    {
        -: 1268:      //add card to played pile
   310002: 1269:      state->playedCards[state->playedCardCount] = state->hand[currentPlayer][handPos]; 
   310002: 1270:      state->playedCardCount++;
        -: 1271:    }
        -: 1272:	
        -: 1273:  //set played card to -1
   310004: 1274:  state->hand[currentPlayer][handPos] = -1;
        -: 1275:	
        -: 1276:  //remove card from player's hand
   310004: 1277:  if ( handPos == (state->handCount[currentPlayer] - 1) ) 	//last card in hand array is played
        -: 1278:    {
        -: 1279:      //reduce number of cards in hand
      656: 1280:      state->handCount[currentPlayer]--;
        -: 1281:    }
   309348: 1282:  else if ( state->handCount[currentPlayer] == 1 ) //only one card in hand
        -: 1283:    {
        -: 1284:      //reduce number of cards in hand
      605: 1285:      state->handCount[currentPlayer]--;
        -: 1286:    }
        -: 1287:  else 	
        -: 1288:    {
        -: 1289:      //replace discarded card with last card in hand
   308743: 1290:      state->hand[currentPlayer][handPos] = state->hand[currentPlayer][ (state->handCount[currentPlayer] - 1)];
        -: 1291:      //set last card to -1
   308743: 1292:      state->hand[currentPlayer][state->handCount[currentPlayer] - 1] = -1;
        -: 1293:      //reduce number of cards in hand
   308743: 1294:      state->handCount[currentPlayer]--;
        -: 1295:    }
        -: 1296:	
   310004: 1297:  return 0;
        -: 1298:}
        -: 1299:
    #####: 1300:int gainCard(int supplyPos, struct gameState *state, int toFlag, int player)
        -: 1301:{
        -: 1302:  //Note: supplyPos is enum of choosen card
        -: 1303:	
        -: 1304:  //check if supply pile is empty (0) or card is not used in game (-1)
    #####: 1305:  if ( supplyCount(supplyPos, state) < 1 )
        -: 1306:    {
    #####: 1307:      return -1;
        -: 1308:    }
        -: 1309:	
        -: 1310:  //added card for [whoseTurn] current player:
        -: 1311:  // toFlag = 0 : add to discard
        -: 1312:  // toFlag = 1 : add to deck
        -: 1313:  // toFlag = 2 : add to hand
        -: 1314:
    #####: 1315:  if (toFlag == 1)
        -: 1316:    {
    #####: 1317:      state->deck[ player ][ state->deckCount[player] ] = supplyPos;
    #####: 1318:      state->deckCount[player]++;
        -: 1319:    }
    #####: 1320:  else if (toFlag == 2)
        -: 1321:    {
    #####: 1322:      state->hand[ player ][ state->handCount[player] ] = supplyPos;
    #####: 1323:      state->handCount[player]++;
        -: 1324:    }
        -: 1325:  else
        -: 1326:    {
    #####: 1327:      state->discard[player][ state->discardCount[player] ] = supplyPos;
    #####: 1328:      state->discardCount[player]++;
        -: 1329:    }
        -: 1330:	
        -: 1331:  //decrease number in supply pile
    #####: 1332:  state->supplyCount[supplyPos]--;
        -: 1333:	 
    #####: 1334:  return 0;
        -: 1335:}
        -: 1336:
   340014: 1337:int updateCoins(int player, struct gameState *state, int bonus)
        -: 1338:{
        -: 1339:  int i;
        -: 1340:	
        -: 1341:  //reset coin count
   340014: 1342:  state->coins = 0;
        -: 1343:
        -: 1344:  //add coins for each Treasure card in player's hand
  2040084: 1345:  for (i = 0; i < state->handCount[player]; i++)
        -: 1346:    {
  1700070: 1347:      if (state->hand[player][i] == copper)
        -: 1348:	{
  1355168: 1349:	  state->coins += 1;
        -: 1350:	}
   344902: 1351:      else if (state->hand[player][i] == silver)
        -: 1352:	{
    #####: 1353:	  state->coins += 2;
        -: 1354:	}
   344902: 1355:      else if (state->hand[player][i] == gold)
        -: 1356:	{
    #####: 1357:	  state->coins += 3;
        -: 1358:	}	
        -: 1359:    }	
        -: 1360:
        -: 1361:  //add bonus
   340014: 1362:  state->coins += bonus;
        -: 1363:
   340014: 1364:  return 0;
        -: 1365:}
        -: 1366:
        -: 1367:
        -: 1368://end of dominion.c
        -: 1369:
